d:\git code\58——c++\data-str\data-str\数据结构\暑假\暑假\debug\vc142.pdb
d:\git code\58——c++\data-str\data-str\数据结构\暑假\暑假\debug\vc142.idb
d:\git code\58——c++\data-str\data-str\数据结构\暑假\暑假\debug\第一天.obj
d:\git code\58——c++\data-str\data-str\数据结构\暑假\暑假\debug\暑假.obj
d:\git code\58——c++\data-str\data-str\数据结构\暑假\暑假\debug\第二天.obj
d:\git code\58——c++\data-str\data-str\数据结构\暑假\暑假\debug\第三天.obj
d:\git code\58——c++\data-str\data-str\数据结构\暑假\暑假\debug\第四天.obj
d:\git code\58——c++\data-str\data-str\数据结构\暑假\暑假\debug\第五天.obj
d:\git code\58——c++\data-str\data-str\数据结构\暑假\暑假\debug\第六天.obj
d:\git code\58——c++\data-str\data-str\数据结构\暑假\暑假\debug\第七天.obj
d:\git code\58——c++\data-str\data-str\数据结构\暑假\暑假\debug\第八天.obj
d:\git code\58——c++\data-str\data-str\数据结构\暑假\debug\暑假.exe
d:\git code\58——c++\data-str\data-str\数据结构\暑假\debug\暑假.ilk
d:\git code\58——c++\data-str\data-str\数据结构\暑假\debug\暑假.pdb
d:\git code\58——c++\data-str\data-str\数据结构\暑假\暑假\debug\暑假.tlog\cl.command.1.tlog
d:\git code\58——c++\data-str\data-str\数据结构\暑假\暑假\debug\暑假.tlog\cl.read.1.tlog
d:\git code\58——c++\data-str\data-str\数据结构\暑假\暑假\debug\暑假.tlog\cl.write.1.tlog
d:\git code\58——c++\data-str\data-str\数据结构\暑假\暑假\debug\暑假.tlog\link.command.1.tlog
d:\git code\58——c++\data-str\data-str\数据结构\暑假\暑假\debug\暑假.tlog\link.read.1.tlog
d:\git code\58——c++\data-str\data-str\数据结构\暑假\暑假\debug\暑假.tlog\link.write.1.tlog
